\BOOKMARK [0][-]{chapter.1}{\376\377\0001\000\040\000C\000l\000a\000s\000s\000\040\000I\000n\000d\000e\000x}{}% 1
\BOOKMARK [1][-]{section.1.1}{\376\377\0001\000.\0001\000\040\000C\000l\000a\000s\000s\000\040\000L\000i\000s\000t}{chapter.1}% 2
\BOOKMARK [0][-]{chapter.2}{\376\377\0002\000\040\000F\000i\000l\000e\000\040\000I\000n\000d\000e\000x}{}% 3
\BOOKMARK [1][-]{section.2.1}{\376\377\0002\000.\0001\000\040\000F\000i\000l\000e\000\040\000L\000i\000s\000t}{chapter.2}% 4
\BOOKMARK [0][-]{chapter.3}{\376\377\0003\000\040\000C\000l\000a\000s\000s\000\040\000D\000o\000c\000u\000m\000e\000n\000t\000a\000t\000i\000o\000n}{}% 5
\BOOKMARK [1][-]{section.3.1}{\376\377\0003\000.\0001\000\040\000f\000D\000r\000i\000v\000e\000r\000\040\000C\000l\000a\000s\000s\000\040\000R\000e\000f\000e\000r\000e\000n\000c\000e}{chapter.3}% 6
\BOOKMARK [2][-]{subsection.3.1.1}{\376\377\0003\000.\0001\000.\0001\000\040\000C\000o\000n\000s\000t\000r\000u\000c\000t\000o\000r\000\040\000\046\000\040\000D\000e\000s\000t\000r\000u\000c\000t\000o\000r\000\040\000D\000o\000c\000u\000m\000e\000n\000t\000a\000t\000i\000o\000n}{section.3.1}% 7
\BOOKMARK [3][-]{subsubsection.3.1.1.1}{\376\377\0003\000.\0001\000.\0001\000.\0001\000\040\000f\000D\000r\000i\000v\000e\000r\000\050\000\051}{subsection.3.1.1}% 8
\BOOKMARK [2][-]{subsection.3.1.2}{\376\377\0003\000.\0001\000.\0002\000\040\000M\000e\000m\000b\000e\000r\000\040\000F\000u\000n\000c\000t\000i\000o\000n\000\040\000D\000o\000c\000u\000m\000e\000n\000t\000a\000t\000i\000o\000n}{section.3.1}% 9
\BOOKMARK [3][-]{subsubsection.3.1.2.1}{\376\377\0003\000.\0001\000.\0002\000.\0001\000\040\000c\000a\000l\000c\000I\000D\000F\000\050\000\051}{subsection.3.1.2}% 10
\BOOKMARK [3][-]{subsubsection.3.1.2.2}{\376\377\0003\000.\0001\000.\0002\000.\0002\000\040\000c\000a\000l\000c\000M\000a\000t\000r\000i\000x\000\050\000\051}{subsection.3.1.2}% 11
\BOOKMARK [3][-]{subsubsection.3.1.2.3}{\376\377\0003\000.\0001\000.\0002\000.\0003\000\040\000c\000a\000l\000c\000S\000i\000m\000\050\000\051}{subsection.3.1.2}% 12
\BOOKMARK [3][-]{subsubsection.3.1.2.4}{\376\377\0003\000.\0001\000.\0002\000.\0004\000\040\000c\000a\000l\000c\000T\000F\000\050\000\051}{subsection.3.1.2}% 13
\BOOKMARK [3][-]{subsubsection.3.1.2.5}{\376\377\0003\000.\0001\000.\0002\000.\0005\000\040\000c\000a\000l\000c\000T\000F\000I\000D\000F\000\050\000\051}{subsection.3.1.2}% 14
\BOOKMARK [3][-]{subsubsection.3.1.2.6}{\376\377\0003\000.\0001\000.\0002\000.\0006\000\040\000c\000h\000e\000c\000k\000R\000e\000s\000u\000l\000t\000s\000M\000a\000p\000\050\000\051}{subsection.3.1.2}% 15
\BOOKMARK [3][-]{subsubsection.3.1.2.7}{\376\377\0003\000.\0001\000.\0002\000.\0007\000\040\000p\000r\000i\000n\000t\000D\000o\000c\000M\000a\000t\000r\000i\000x\000\050\000\051}{subsection.3.1.2}% 16
\BOOKMARK [3][-]{subsubsection.3.1.2.8}{\376\377\0003\000.\0001\000.\0002\000.\0008\000\040\000r\000e\000a\000d\000\050\000\051}{subsection.3.1.2}% 17
\BOOKMARK [1][-]{section.3.2}{\376\377\0003\000.\0002\000\040\000l\000e\000x\000o\000\040\000C\000l\000a\000s\000s\000\040\000R\000e\000f\000e\000r\000e\000n\000c\000e}{chapter.3}% 18
\BOOKMARK [2][-]{subsection.3.2.1}{\376\377\0003\000.\0002\000.\0001\000\040\000C\000o\000n\000s\000t\000r\000u\000c\000t\000o\000r\000\040\000\046\000\040\000D\000e\000s\000t\000r\000u\000c\000t\000o\000r\000\040\000D\000o\000c\000u\000m\000e\000n\000t\000a\000t\000i\000o\000n}{section.3.2}% 19
\BOOKMARK [3][-]{subsubsection.3.2.1.1}{\376\377\0003\000.\0002\000.\0001\000.\0001\000\040\000l\000e\000x\000o\000\050\000\051}{subsection.3.2.1}% 20
\BOOKMARK [2][-]{subsection.3.2.2}{\376\377\0003\000.\0002\000.\0002\000\040\000M\000e\000m\000b\000e\000r\000\040\000F\000u\000n\000c\000t\000i\000o\000n\000\040\000D\000o\000c\000u\000m\000e\000n\000t\000a\000t\000i\000o\000n}{section.3.2}% 21
\BOOKMARK [3][-]{subsubsection.3.2.2.1}{\376\377\0003\000.\0002\000.\0002\000.\0001\000\040\000a\000d\000d\000a\000m\000b\000V\000e\000c\000t\000o\000r\000\050\000\051}{subsection.3.2.2}% 22
\BOOKMARK [3][-]{subsubsection.3.2.2.2}{\376\377\0003\000.\0002\000.\0002\000.\0002\000\040\000a\000d\000d\000F\000r\000e\000q\000M\000a\000p\000\050\000\051}{subsection.3.2.2}% 23
\BOOKMARK [3][-]{subsubsection.3.2.2.3}{\376\377\0003\000.\0002\000.\0002\000.\0003\000\040\000a\000d\000d\000l\000V\000e\000c\000t\000o\000r\000\050\000\051}{subsection.3.2.2}% 24
\BOOKMARK [3][-]{subsubsection.3.2.2.4}{\376\377\0003\000.\0002\000.\0002\000.\0004\000\040\000a\000d\000d\000u\000n\000a\000m\000b\000V\000e\000c\000t\000o\000r\000\050\000\051}{subsection.3.2.2}% 25
\BOOKMARK [3][-]{subsubsection.3.2.2.5}{\376\377\0003\000.\0002\000.\0002\000.\0005\000\040\000c\000h\000e\000c\000k\000A\000l\000p\000h\000a\000\050\000\051}{subsection.3.2.2}% 26
\BOOKMARK [3][-]{subsubsection.3.2.2.6}{\376\377\0003\000.\0002\000.\0002\000.\0006\000\040\000c\000h\000e\000c\000k\000A\000m\000b\000i\000g\000o\000u\000s\000\050\000\051}{subsection.3.2.2}% 27
\BOOKMARK [3][-]{subsubsection.3.2.2.7}{\376\377\0003\000.\0002\000.\0002\000.\0007\000\040\000c\000h\000e\000c\000k\000D\000i\000g\000\050\000\051}{subsection.3.2.2}% 28
\BOOKMARK [3][-]{subsubsection.3.2.2.8}{\376\377\0003\000.\0002\000.\0002\000.\0008\000\040\000c\000h\000e\000c\000k\000E\000n\000g\000\050\000\051}{subsection.3.2.2}% 29
\BOOKMARK [3][-]{subsubsection.3.2.2.9}{\376\377\0003\000.\0002\000.\0002\000.\0009\000\040\000c\000h\000e\000c\000k\000P\000u\000n\000c\000t\000\050\000\051}{subsection.3.2.2}% 30
\BOOKMARK [3][-]{subsubsection.3.2.2.10}{\376\377\0003\000.\0002\000.\0002\000.\0001\0000\000\040\000c\000h\000e\000c\000k\000W\000o\000r\000d\000\050\000\051}{subsection.3.2.2}% 31
\BOOKMARK [3][-]{subsubsection.3.2.2.11}{\376\377\0003\000.\0002\000.\0002\000.\0001\0001\000\040\000c\000l\000e\000a\000r\000A\000m\000b\000\050\000\051}{subsection.3.2.2}% 32
\BOOKMARK [3][-]{subsubsection.3.2.2.12}{\376\377\0003\000.\0002\000.\0002\000.\0001\0002\000\040\000g\000e\000t\000M\000a\000p\000W\000o\000r\000d\000C\000o\000u\000n\000t\000\050\000\051}{subsection.3.2.2}% 33
\BOOKMARK [3][-]{subsubsection.3.2.2.13}{\376\377\0003\000.\0002\000.\0002\000.\0001\0003\000\040\000l\000e\000x\000C\000a\000l\000c\000F\000r\000e\000q\000\050\000\051}{subsection.3.2.2}% 34
\BOOKMARK [3][-]{subsubsection.3.2.2.14}{\376\377\0003\000.\0002\000.\0002\000.\0001\0004\000\040\000l\000e\000x\000S\000o\000r\000t\000\050\000\051}{subsection.3.2.2}% 35
\BOOKMARK [3][-]{subsubsection.3.2.2.15}{\376\377\0003\000.\0002\000.\0002\000.\0001\0005\000\040\000p\000r\000i\000n\000t\000M\000a\000p\000\050\000\051}{subsection.3.2.2}% 36
\BOOKMARK [3][-]{subsubsection.3.2.2.16}{\376\377\0003\000.\0002\000.\0002\000.\0001\0006\000\040\000s\000u\000b\000S\000t\000r\000i\000n\000g\000\050\000\051}{subsection.3.2.2}% 37
\BOOKMARK [2][-]{subsection.3.2.3}{\376\377\0003\000.\0002\000.\0003\000\040\000M\000e\000m\000b\000e\000r\000\040\000D\000a\000t\000a\000\040\000D\000o\000c\000u\000m\000e\000n\000t\000a\000t\000i\000o\000n}{section.3.2}% 38
\BOOKMARK [3][-]{subsubsection.3.2.3.1}{\376\377\0003\000.\0002\000.\0003\000.\0001\000\040\000f\000r\000e\000q\000M\000a\000p}{subsection.3.2.3}% 39
\BOOKMARK [1][-]{section.3.3}{\376\377\0003\000.\0003\000\040\000S\000t\000e\000m\000\040\000C\000l\000a\000s\000s\000\040\000R\000e\000f\000e\000r\000e\000n\000c\000e}{chapter.3}% 40
\BOOKMARK [2][-]{subsection.3.3.1}{\376\377\0003\000.\0003\000.\0001\000\040\000D\000e\000t\000a\000i\000l\000e\000d\000\040\000D\000e\000s\000c\000r\000i\000p\000t\000i\000o\000n}{section.3.3}% 41
\BOOKMARK [2][-]{subsection.3.3.2}{\376\377\0003\000.\0003\000.\0002\000\040\000M\000e\000m\000b\000e\000r\000\040\000F\000u\000n\000c\000t\000i\000o\000n\000\040\000D\000o\000c\000u\000m\000e\000n\000t\000a\000t\000i\000o\000n}{section.3.3}% 42
\BOOKMARK [3][-]{subsubsection.3.3.2.1}{\376\377\0003\000.\0003\000.\0002\000.\0001\000\040\000F\000i\000n\000d\000\050\000\051}{subsection.3.3.2}% 43
\BOOKMARK [3][-]{subsubsection.3.3.2.2}{\376\377\0003\000.\0003\000.\0002\000.\0002\000\040\000i\000s\000D\000o\000u\000b\000l\000e\000\050\000\051}{subsection.3.3.2}% 44
\BOOKMARK [3][-]{subsubsection.3.3.2.3}{\376\377\0003\000.\0003\000.\0002\000.\0003\000\040\000i\000s\000L\000i\000E\000n\000d\000i\000n\000g\000\050\000\051}{subsection.3.3.2}% 45
\BOOKMARK [3][-]{subsubsection.3.3.2.4}{\376\377\0003\000.\0003\000.\0002\000.\0004\000\040\000i\000s\000S\000h\000o\000r\000t\000\050\000\051}{subsection.3.3.2}% 46
\BOOKMARK [3][-]{subsubsection.3.3.2.5}{\376\377\0003\000.\0003\000.\0002\000.\0005\000\040\000i\000s\000S\000h\000o\000r\000t\000S\000y\000l\000l\000a\000b\000l\000e\000\050\000\051}{subsection.3.3.2}% 47
\BOOKMARK [3][-]{subsubsection.3.3.2.6}{\376\377\0003\000.\0003\000.\0002\000.\0006\000\040\000i\000s\000V\000o\000w\000e\000l\000\050\000\051\000\040\000[\0001\000/\0002\000]}{subsection.3.3.2}% 48
\BOOKMARK [3][-]{subsubsection.3.3.2.7}{\376\377\0003\000.\0003\000.\0002\000.\0007\000\040\000i\000s\000V\000o\000w\000e\000l\000\050\000\051\000\040\000[\0002\000/\0002\000]}{subsection.3.3.2}% 49
\BOOKMARK [3][-]{subsubsection.3.3.2.8}{\376\377\0003\000.\0003\000.\0002\000.\0008\000\040\000P\000r\000e\000c\000e\000d\000e\000r\000\050\000\051}{subsection.3.3.2}% 50
\BOOKMARK [3][-]{subsubsection.3.3.2.9}{\376\377\0003\000.\0003\000.\0002\000.\0009\000\040\000R\000e\000g\000i\000o\000n\0001\000\050\000\051}{subsection.3.3.2}% 51
\BOOKMARK [3][-]{subsubsection.3.3.2.10}{\376\377\0003\000.\0003\000.\0002\000.\0001\0000\000\040\000R\000e\000g\000i\000o\000n\0002\000\050\000\051}{subsection.3.3.2}% 52
\BOOKMARK [3][-]{subsubsection.3.3.2.11}{\376\377\0003\000.\0003\000.\0002\000.\0001\0001\000\040\000R\000e\000p\000l\000a\000c\000e\000\050\000\051}{subsection.3.3.2}% 53
\BOOKMARK [3][-]{subsubsection.3.3.2.12}{\376\377\0003\000.\0003\000.\0002\000.\0001\0002\000\040\000S\000t\000e\000p\0001\000\050\000\051}{subsection.3.3.2}% 54
\BOOKMARK [3][-]{subsubsection.3.3.2.13}{\376\377\0003\000.\0003\000.\0002\000.\0001\0003\000\040\000S\000t\000e\000p\0002\000\050\000\051}{subsection.3.3.2}% 55
\BOOKMARK [3][-]{subsubsection.3.3.2.14}{\376\377\0003\000.\0003\000.\0002\000.\0001\0004\000\040\000S\000t\000e\000p\0003\000\050\000\051}{subsection.3.3.2}% 56
\BOOKMARK [3][-]{subsubsection.3.3.2.15}{\376\377\0003\000.\0003\000.\0002\000.\0001\0005\000\040\000s\000t\000e\000p\0003\000R\000e\000p\000l\000a\000c\000e\000\050\000\051}{subsection.3.3.2}% 57
\BOOKMARK [3][-]{subsubsection.3.3.2.16}{\376\377\0003\000.\0003\000.\0002\000.\0001\0006\000\040\000S\000t\000e\000p\0004\000\050\000\051}{subsection.3.3.2}% 58
\BOOKMARK [3][-]{subsubsection.3.3.2.17}{\376\377\0003\000.\0003\000.\0002\000.\0001\0007\000\040\000S\000t\000e\000p\0005\000\050\000\051}{subsection.3.3.2}% 59
\BOOKMARK [3][-]{subsubsection.3.3.2.18}{\376\377\0003\000.\0003\000.\0002\000.\0001\0008\000\040\000S\000t\000e\000p\0006\000\050\000\051}{subsection.3.3.2}% 60
\BOOKMARK [3][-]{subsubsection.3.3.2.19}{\376\377\0003\000.\0003\000.\0002\000.\0001\0009\000\040\000s\000t\000e\000p\0006\000S\000u\000f\000I\000s\000R\000e\000g\0001\000\050\000\051}{subsection.3.3.2}% 61
\BOOKMARK [3][-]{subsubsection.3.3.2.20}{\376\377\0003\000.\0003\000.\0002\000.\0002\0000\000\040\000s\000t\000e\000p\0006\000S\000u\000f\000I\000s\000R\000e\000g\0002\000\050\000\051}{subsection.3.3.2}% 62
\BOOKMARK [3][-]{subsubsection.3.3.2.21}{\376\377\0003\000.\0003\000.\0002\000.\0002\0001\000\040\000S\000t\000e\000p\0007\000\050\000\051}{subsection.3.3.2}% 63
\BOOKMARK [3][-]{subsubsection.3.3.2.22}{\376\377\0003\000.\0003\000.\0002\000.\0002\0002\000\040\000s\000t\000e\000p\0007\000R\000e\000g\000i\000o\000n\0002\000\050\000\051}{subsection.3.3.2}% 64
\BOOKMARK [3][-]{subsubsection.3.3.2.23}{\376\377\0003\000.\0003\000.\0002\000.\0002\0003\000\040\000S\000t\000e\000p\0008\000\050\000\051}{subsection.3.3.2}% 65
\BOOKMARK [1][-]{section.3.4}{\376\377\0003\000.\0004\000\040\000S\000t\000e\000m\000E\000x\000c\000e\000p\000\040\000C\000l\000a\000s\000s\000\040\000R\000e\000f\000e\000r\000e\000n\000c\000e}{chapter.3}% 66
\BOOKMARK [2][-]{subsection.3.4.1}{\376\377\0003\000.\0004\000.\0001\000\040\000M\000e\000m\000b\000e\000r\000\040\000F\000u\000n\000c\000t\000i\000o\000n\000\040\000D\000o\000c\000u\000m\000e\000n\000t\000a\000t\000i\000o\000n}{section.3.4}% 67
\BOOKMARK [3][-]{subsubsection.3.4.1.1}{\376\377\0003\000.\0004\000.\0001\000.\0001\000\040\000c\000h\000e\000c\000k\000E\000x\000c\000e\000p\000\050\000\051}{subsection.3.4.1}% 68
\BOOKMARK [3][-]{subsubsection.3.4.1.2}{\376\377\0003\000.\0004\000.\0001\000.\0002\000\040\000i\000n\000i\000t\000E\000x\000c\000e\000p\000\050\000\051}{subsection.3.4.1}% 69
\BOOKMARK [0][-]{chapter.4}{\376\377\0004\000\040\000F\000i\000l\000e\000\040\000D\000o\000c\000u\000m\000e\000n\000t\000a\000t\000i\000o\000n}{}% 70
\BOOKMARK [1][-]{section.4.1}{\376\377\0004\000.\0001\000\040\000f\000D\000r\000i\000v\000e\000r\000.\000c\000p\000p\000\040\000F\000i\000l\000e\000\040\000R\000e\000f\000e\000r\000e\000n\000c\000e}{chapter.4}% 71
\BOOKMARK [1][-]{section.4.2}{\376\377\0004\000.\0002\000\040\000f\000D\000r\000i\000v\000e\000r\000.\000h\000\040\000F\000i\000l\000e\000\040\000R\000e\000f\000e\000r\000e\000n\000c\000e}{chapter.4}% 72
\BOOKMARK [1][-]{section.4.3}{\376\377\0004\000.\0003\000\040\000l\000e\000x\000o\000.\000c\000p\000p\000\040\000F\000i\000l\000e\000\040\000R\000e\000f\000e\000r\000e\000n\000c\000e}{chapter.4}% 73
\BOOKMARK [1][-]{section.4.4}{\376\377\0004\000.\0004\000\040\000l\000e\000x\000o\000.\000h\000\040\000F\000i\000l\000e\000\040\000R\000e\000f\000e\000r\000e\000n\000c\000e}{chapter.4}% 74
\BOOKMARK [1][-]{section.4.5}{\376\377\0004\000.\0005\000\040\000m\000a\000i\000n\000.\000c\000p\000p\000\040\000F\000i\000l\000e\000\040\000R\000e\000f\000e\000r\000e\000n\000c\000e}{chapter.4}% 75
\BOOKMARK [2][-]{subsection.4.5.1}{\376\377\0004\000.\0005\000.\0001\000\040\000F\000u\000n\000c\000t\000i\000o\000n\000\040\000D\000o\000c\000u\000m\000e\000n\000t\000a\000t\000i\000o\000n}{section.4.5}% 76
\BOOKMARK [3][-]{subsubsection.4.5.1.1}{\376\377\0004\000.\0005\000.\0001\000.\0001\000\040\000m\000a\000i\000n\000\050\000\051}{subsection.4.5.1}% 77
\BOOKMARK [1][-]{section.4.6}{\376\377\0004\000.\0006\000\040\000S\000t\000e\000m\000.\000c\000p\000p\000\040\000F\000i\000l\000e\000\040\000R\000e\000f\000e\000r\000e\000n\000c\000e}{chapter.4}% 78
\BOOKMARK [1][-]{section.4.7}{\376\377\0004\000.\0007\000\040\000S\000t\000e\000m\000.\000h\000\040\000F\000i\000l\000e\000\040\000R\000e\000f\000e\000r\000e\000n\000c\000e}{chapter.4}% 79
\BOOKMARK [2][-]{subsection.4.7.1}{\376\377\0004\000.\0007\000.\0001\000\040\000D\000e\000t\000a\000i\000l\000e\000d\000\040\000D\000e\000s\000c\000r\000i\000p\000t\000i\000o\000n}{section.4.7}% 80
\BOOKMARK [1][-]{section.4.8}{\376\377\0004\000.\0008\000\040\000S\000t\000e\000m\000E\000x\000c\000e\000p\000.\000c\000p\000p\000\040\000F\000i\000l\000e\000\040\000R\000e\000f\000e\000r\000e\000n\000c\000e}{chapter.4}% 81
\BOOKMARK [1][-]{section.4.9}{\376\377\0004\000.\0009\000\040\000S\000t\000e\000m\000E\000x\000c\000e\000p\000.\000h\000\040\000F\000i\000l\000e\000\040\000R\000e\000f\000e\000r\000e\000n\000c\000e}{chapter.4}% 82
\BOOKMARK [0][-]{section*.12}{\376\377\000I\000n\000d\000e\000x}{}% 83
